[20:23:06] [main/WARN] (FabricLoader/Knot) Class path entries reference missing files: E:\Minecraft Mods\tattletail\versions\1.21.1-fabric\build\classes\java\client, E:\Minecraft Mods\tattletail\versions\1.21.1-fabric\build\generated\ksp\client\classes, E:\Minecraft Mods\tattletail\versions\1.21.1-fabric\build\classes\java\main, E:\Minecraft Mods\tattletail\versions\1.21.1-fabric\build\generated\ksp\main\classes - the game may not load properly!
[20:23:06] [main/INFO] (FabricLoader/GameProvider) Loading Minecraft 1.21.1 with Fabric Loader 0.17.2
[20:23:06] [main/INFO] (FabricLoader) Loading 58 mods:
	- devauth 1.2.1
	- fabric-api 0.116.7+1.21.1
	- fabric-api-base 0.4.42+6573ed8c19
	- fabric-api-lookup-api-v1 1.6.71+b559734419
	- fabric-biome-api-v1 13.0.31+d527f9fd19
	- fabric-block-api-v1 1.1.0+0bc3503219
	- fabric-block-view-api-v2 1.0.11+ebb2264e19
	- fabric-blockrenderlayer-v1 1.1.52+0af3f5a719
	- fabric-client-tags-api-v1 1.1.15+6573ed8c19
	- fabric-command-api-v1 1.2.49+f71b366f19
	- fabric-command-api-v2 2.2.28+6ced4dd919
	- fabric-commands-v0 0.2.66+df3654b319
	- fabric-content-registries-v0 8.0.19+b559734419
	- fabric-convention-tags-v1 2.1.5+7f945d5b19
	- fabric-convention-tags-v2 2.11.1+a406e79519
	- fabric-crash-report-info-v1 0.2.29+0af3f5a719
	- fabric-data-attachment-api-v1 1.4.5+6116a37819
	- fabric-data-generation-api-v1 20.2.34+37516cd619
	- fabric-dimensions-v1 4.0.1+65213ef819
	- fabric-entity-events-v1 1.8.0+2b27e0a419
	- fabric-events-interaction-v0 0.7.13+ba9dae0619
	- fabric-game-rule-api-v1 1.0.53+6ced4dd919
	- fabric-gametest-api-v1 2.0.5+6fc22b9919
	- fabric-item-api-v1 11.2.0+3b3cb2e819
	- fabric-item-group-api-v1 4.1.7+def88e3a19
	- fabric-key-binding-api-v1 1.0.47+0af3f5a719
	- fabric-keybindings-v0 0.2.45+df3654b319
	- fabric-language-kotlin 1.13.6+kotlin.2.2.20
	- fabric-lifecycle-events-v1 2.6.0+0865547519
	- fabric-loot-api-v2 3.0.15+3f89f5a519
	- fabric-loot-api-v3 1.0.3+3f89f5a519
	- fabric-message-api-v1 6.0.14+8aaf3aca19
	- fabric-model-loading-api-v1 2.1.0+b4d813fc19
	- fabric-networking-api-v1 4.3.0+c7469b2119
	- fabric-object-builder-api-v1 15.2.1+40875a9319
	- fabric-particles-v1 4.0.2+6573ed8c19
	- fabric-recipe-api-v1 5.0.15+2475392c19
	- fabric-registry-sync-v0 5.3.1+e3eddc2119
	- fabric-renderer-api-v1 3.4.1+b4d813fc19
	- fabric-renderer-indigo 1.7.1+c705a49c19
	- fabric-renderer-registries-v1 3.2.69+df3654b319
	- fabric-rendering-data-attachment-v1 0.3.49+73761d2e19
	- fabric-rendering-fluids-v1 3.1.6+1daea21519
	- fabric-rendering-v0 1.1.72+df3654b319
	- fabric-rendering-v1 5.1.0+ab4c25a019
	- fabric-resource-conditions-api-v1 4.3.0+8dc279b119
	- fabric-resource-loader-v0 1.3.1+5b5275af19
	- fabric-screen-api-v1 2.0.25+8b68f1c719
	- fabric-screen-handler-api-v1 1.3.90+b559734419
	- fabric-sound-api-v1 1.0.23+6573ed8c19
	- fabric-transfer-api-v1 5.4.3+c24bd99419
	- fabric-transitive-access-wideners-v1 6.2.0+45b9699719
	- fabricloader 0.17.2
	- java 21
	- minecraft 1.21.1
	- mixinextras 0.5.0
	- modmenu 11.0.3
	- tattletail 1.0.0+1.21.1
[20:23:06] [main/INFO] (FabricLoader/Mixin) SpongePowered MIXIN Subsystem Version=0.8.7 Source=file:/C:/Users/FlooferLand/scoop/apps/gradle/current/.gradle/caches/modules-2/files-2.1/net.fabricmc/sponge-mixin/0.16.3+mixin.0.8.7/3e535042688d1265447e52ad86950b7d9678a5fa/sponge-mixin-0.16.3+mixin.0.8.7.jar Service=Knot/Fabric Env=CLIENT
[20:23:06] [main/INFO] (FabricLoader/Mixin) Loaded Fabric development mappings for mixin remapper!
[20:23:07] [main/INFO] (FabricLoader/Mixin) Compatibility level set to JAVA_17
[20:23:07] [main/INFO] (FabricLoader/Mixin) Compatibility level set to JAVA_21
[20:23:07] [main/INFO] (FabricLoader/MixinExtras|Service) Initializing MixinExtras via com.llamalad7.mixinextras.service.MixinExtrasServiceImpl(version=0.5.0).
[20:23:08] [main/INFO] (DevAuth) Successfully logged in as FlooferLand
[20:23:10] [Datafixer Bootstrap/INFO] (Minecraft) 226 Datafixer optimizations took 516 milliseconds
[20:23:17] [Render thread/INFO] (Minecraft) Environment: Environment[sessionHost=https://sessionserver.mojang.com, servicesHost=https://api.minecraftservices.com, name=PROD]
[20:23:17] [Render thread/INFO] (Minecraft) Setting user: FlooferLand
[20:23:18] [Render thread/INFO] (showbiz) Orange? Orange who?
[20:23:18] [Render thread/INFO] (Mod Menu/Update Checker) Checking mod updates...
[20:23:18] [Render thread/INFO] (Indigo) [Indigo] Registering Indigo renderer!
[20:23:19] [ModMenu/Update Checker/Fabric Loader/INFO] (Mod Menu/Update Checker) Update available for 'fabricloader@0.17.2'
[20:23:19] [Render thread/INFO] (Minecraft) Backend library: LWJGL version 3.3.3-snapshot
[20:23:21] [Render thread/INFO] (Minecraft) Reloading ResourceManager: vanilla, fabric, devauth, fabric-api, fabric-api-base, fabric-api-lookup-api-v1, fabric-biome-api-v1, fabric-block-api-v1, fabric-block-view-api-v2, fabric-blockrenderlayer-v1, fabric-client-tags-api-v1, fabric-command-api-v1, fabric-command-api-v2, fabric-commands-v0, fabric-content-registries-v0, fabric-convention-tags-v1, fabric-convention-tags-v2, fabric-crash-report-info-v1, fabric-data-attachment-api-v1, fabric-data-generation-api-v1, fabric-dimensions-v1, fabric-entity-events-v1, fabric-events-interaction-v0, fabric-game-rule-api-v1, fabric-gametest-api-v1, fabric-item-api-v1, fabric-item-group-api-v1, fabric-key-binding-api-v1, fabric-keybindings-v0, fabric-language-kotlin, fabric-lifecycle-events-v1, fabric-loot-api-v2, fabric-loot-api-v3, fabric-message-api-v1, fabric-model-loading-api-v1, fabric-networking-api-v1, fabric-object-builder-api-v1, fabric-particles-v1, fabric-recipe-api-v1, fabric-registry-sync-v0, fabric-renderer-api-v1, fabric-renderer-indigo, fabric-renderer-registries-v1, fabric-rendering-data-attachment-v1, fabric-rendering-fluids-v1, fabric-rendering-v0, fabric-rendering-v1, fabric-resource-conditions-api-v1, fabric-resource-loader-v0, fabric-screen-api-v1, fabric-screen-handler-api-v1, fabric-sound-api-v1, fabric-transfer-api-v1, fabric-transitive-access-wideners-v1, fabricloader, modmenu
[20:23:21] [Worker-Main-11/INFO] (Minecraft) Found unifont_all_no_pua-15.1.05.hex, loading
[20:23:21] [Worker-Main-3/INFO] (Minecraft) Found unifont_jp_patch-15.1.05.hex, loading
[20:23:22] [Render thread/WARN] (Minecraft) Missing sound for event: minecraft:item.goat_horn.play
[20:23:22] [Render thread/WARN] (Minecraft) Missing sound for event: minecraft:entity.goat.screaming.horn_break
[20:23:22] [Render thread/INFO] (Minecraft) OpenAL initialized on device OpenAL Soft on Girlheadphones (Hama Spirit Calypso)
[20:23:22] [Render thread/INFO] (Minecraft) Sound engine started
[20:23:22] [Render thread/INFO] (Minecraft) Created: 1024x512x4 minecraft:textures/atlas/blocks.png-atlas
[20:23:22] [Render thread/INFO] (Minecraft) Created: 256x256x4 minecraft:textures/atlas/signs.png-atlas
[20:23:22] [Render thread/INFO] (Minecraft) Created: 512x512x4 minecraft:textures/atlas/banner_patterns.png-atlas
[20:23:22] [Render thread/INFO] (Minecraft) Created: 512x512x4 minecraft:textures/atlas/shield_patterns.png-atlas
[20:23:22] [Render thread/INFO] (Minecraft) Created: 1024x1024x4 minecraft:textures/atlas/armor_trims.png-atlas
[20:23:22] [Render thread/INFO] (Minecraft) Created: 256x256x4 minecraft:textures/atlas/chest.png-atlas
[20:23:22] [Render thread/INFO] (Minecraft) Created: 128x64x4 minecraft:textures/atlas/decorated_pot.png-atlas
[20:23:22] [Render thread/INFO] (Minecraft) Created: 512x256x4 minecraft:textures/atlas/beds.png-atlas
[20:23:22] [Render thread/INFO] (Minecraft) Created: 512x256x4 minecraft:textures/atlas/shulker_boxes.png-atlas
[20:23:23] [Render thread/INFO] (Minecraft) Created: 512x256x0 minecraft:textures/atlas/particles.png-atlas
[20:23:23] [Render thread/INFO] (Minecraft) Created: 512x256x0 minecraft:textures/atlas/paintings.png-atlas
[20:23:23] [Render thread/INFO] (Minecraft) Created: 256x128x0 minecraft:textures/atlas/mob_effects.png-atlas
[20:23:23] [Render thread/INFO] (Minecraft) Created: 64x64x0 minecraft:textures/atlas/map_decorations.png-atlas
[20:23:23] [Render thread/INFO] (Minecraft) Created: 1024x512x0 minecraft:textures/atlas/gui.png-atlas
[20:23:23] [Render thread/WARN] (Minecraft) Shader rendertype_entity_translucent_emissive could not find sampler named Sampler2 in the specified shader program.
[20:23:39] [Render thread/INFO] (Minecraft) Loaded 1290 recipes
[20:23:39] [Render thread/INFO] (Minecraft) Loaded 1399 advancements
[20:23:41] [Render thread/ERROR] (Mod Menu | FabricIconHandler) Invalid mod icon for icon source tattletail: icon.png
java.nio.file.NoSuchFileException: E:\Minecraft Mods\tattletail\versions\1.21.1-fabric\build\classes\kotlin\client\icon.png
	at java.base/sun.nio.fs.WindowsException.translateToIOException(WindowsException.java:85) ~[?:?]
	at java.base/sun.nio.fs.WindowsException.rethrowAsIOException(WindowsException.java:103) ~[?:?]
	at java.base/sun.nio.fs.WindowsException.rethrowAsIOException(WindowsException.java:108) ~[?:?]
	at java.base/sun.nio.fs.WindowsFileSystemProvider.newByteChannel(WindowsFileSystemProvider.java:234) ~[?:?]
	at java.base/java.nio.file.Files.newByteChannel(Files.java:380) ~[?:?]
	at java.base/java.nio.file.Files.newByteChannel(Files.java:432) ~[?:?]
	at java.base/java.nio.file.spi.FileSystemProvider.newInputStream(FileSystemProvider.java:420) ~[?:?]
	at java.base/java.nio.file.Files.newInputStream(Files.java:160) ~[?:?]
	at knot/com.terraformersmc.modmenu.util.mod.fabric.FabricIconHandler.createIcon(FabricIconHandler.java:34) ~[modmenu-8f637a66-11.0.3.jar:?]
	at knot/com.terraformersmc.modmenu.util.mod.fabric.FabricMod.getIcon(FabricMod.java:169) ~[modmenu-8f637a66-11.0.3.jar:?]
	at knot/com.terraformersmc.modmenu.gui.widget.entries.ModListEntry.getIconTexture(ModListEntry.java:192) ~[modmenu-8f637a66-11.0.3.jar:?]
	at knot/com.terraformersmc.modmenu.gui.widget.entries.ModListEntry.render(ModListEntry.java:72) ~[modmenu-8f637a66-11.0.3.jar:?]
	at knot/com.terraformersmc.modmenu.gui.widget.ModListWidget.renderListItems(ModListWidget.java:261) ~[modmenu-8f637a66-11.0.3.jar:?]
	at knot/net.minecraft.client.gui.components.AbstractSelectionList.renderWidget(AbstractSelectionList.java:188) ~[minecraft-clientOnly-48f5f74c97-1.21.1-loom.mappings.1_21_1.layered+hash.730628366-v2.jar:?]
	at knot/net.minecraft.client.gui.components.AbstractWidget.render(AbstractWidget.java:66) ~[minecraft-clientOnly-48f5f74c97-1.21.1-loom.mappings.1_21_1.layered+hash.730628366-v2.jar:?]
	at knot/com.terraformersmc.modmenu.gui.ModsScreen.render(ModsScreen.java:305) ~[modmenu-8f637a66-11.0.3.jar:?]
	at knot/net.minecraft.client.gui.screens.Screen.renderWithTooltip(Screen.java:117) ~[minecraft-clientOnly-48f5f74c97-1.21.1-loom.mappings.1_21_1.layered+hash.730628366-v2.jar:?]
	at knot/net.minecraft.client.renderer.GameRenderer.mixinextras$bridge$renderWithTooltip$177(GameRenderer.java) ~[minecraft-clientOnly-48f5f74c97-1.21.1-loom.mappings.1_21_1.layered+hash.730628366-v2.jar:?]
	at knot/net.minecraft.client.renderer.GameRenderer.wrapOperation$zlj000$fabric-screen-api-v1$onRenderScreen(GameRenderer.java:2086) [minecraft-clientOnly-48f5f74c97-1.21.1-loom.mappings.1_21_1.layered+hash.730628366-v2.jar:?]
	at knot/net.minecraft.client.renderer.GameRenderer.render(GameRenderer.java:913) [minecraft-clientOnly-48f5f74c97-1.21.1-loom.mappings.1_21_1.layered+hash.730628366-v2.jar:?]
	at knot/net.minecraft.client.Minecraft.runTick(Minecraft.java:1285) [minecraft-clientOnly-48f5f74c97-1.21.1-loom.mappings.1_21_1.layered+hash.730628366-v2.jar:?]
	at knot/net.minecraft.client.Minecraft.run(Minecraft.java:882) [minecraft-clientOnly-48f5f74c97-1.21.1-loom.mappings.1_21_1.layered+hash.730628366-v2.jar:?]
	at knot/net.minecraft.client.main.Main.main(Main.java:256) [minecraft-clientOnly-48f5f74c97-1.21.1-loom.mappings.1_21_1.layered+hash.730628366-v2.jar:?]
	at net.fabricmc.loader.impl.game.minecraft.MinecraftGameProvider.launch(MinecraftGameProvider.java:506) [fabric-loader-0.17.2.jar:?]
	at net.fabricmc.loader.impl.launch.knot.Knot.launch(Knot.java:72) [fabric-loader-0.17.2.jar:?]
	at net.fabricmc.loader.impl.launch.knot.KnotClient.main(KnotClient.java:23) [fabric-loader-0.17.2.jar:?]
	at net.fabricmc.devlaunchinjector.Main.main(Main.java:86) [dev-launch-injector-0.2.1+build.8.jar:?]
[20:23:41] [Render thread/WARN] (Mod Menu | FabricMod) Warning! Mod tattletail has a broken icon, loading default icon
[20:23:53] [Render thread/INFO] (Minecraft) Stopping!
